[0.019s] Invoking command in '/home/js/ros2_ws_c/build/my_cpp_package': CMAKE_PREFIX_PATH=${CMAKE_PREFIX_PATH}:/home/js/ros2_ws/install/my_package:/opt/ros/humble /usr/local/bin/cmake --build /home/js/ros2_ws_c/build/my_cpp_package -- -j16 -l16
[0.120s] [35m[1mConsolidate compiler generated dependencies of target fast_timer_node[0m
[0.120s] [35m[1mConsolidate compiler generated dependencies of target timer_node[0m
[0.160s] [ 25%] [32mBuilding CXX object CMakeFiles/fast_timer_node.dir/src/fast_timer_node.cpp.o[0m
[0.162s] [ 75%] Built target timer_node
[1.063s] [01m[K/home/js/ros2_ws_c/src/my_cpp_package/src/fast_timer_node.cpp:9:3:[m[K [01;31m[Kerror: [m[KISO C++ forbids declaration of â€˜[01m[KTimerNode[m[Kâ€™ with no type [[01;31m[K]8;;https://gcc.gnu.org/onlinedocs/gcc/Warning-Options.html#index-fpermissive-fpermissive]8;;[m[K]
[1.063s]     9 |   [01;31m[KTimerNode[m[K() : rclcpp::Node("timer_node"), count_(0)
[1.063s]       |   [01;31m[K^~~~~~~~~[m[K
[1.063s] [01m[K/home/js/ros2_ws_c/src/my_cpp_package/src/fast_timer_node.cpp:[m[K In member function â€˜[01m[Kint FastTimerNode::[01;32m[KTimerNode[m[K()[m[Kâ€™:
[1.063s] [01m[K/home/js/ros2_ws_c/src/my_cpp_package/src/fast_timer_node.cpp:9:17:[m[K [01;31m[Kerror: [m[Konly constructors take member initializers
[1.063s]     9 |   TimerNode() : [01;31m[Krclcpp[m[K::Node("timer_node"), count_(0)
[1.063s]       |                 [01;31m[K^~~~~~[m[K
[1.065s] [01m[K/home/js/ros2_ws_c/src/my_cpp_package/src/fast_timer_node.cpp:13:37:[m[K [01;31m[Kerror: [m[Kno matching function for call to â€˜[01m[KFastTimerNode::create_wall_timer(float&, std::_Bind_helper<false, void (FastTimerNode::*)(), FastTimerNode*>::type)[m[Kâ€™
[1.065s]    13 |     timer_ = [01;31m[Kthis->create_wall_timer(timer_period, std::bind(&FastTimerNode::on_timer, this))[m[K;
[1.065s]       |              [01;31m[K~~~~~~~~~~~~~~~~~~~~~~~^~~~~~~~~~~~~~~~~~~~~~~~~~~~~~~~~~~~~~~~~~~~~~~~~~~~~~~~~[m[K
[1.065s] In file included from [01m[K/opt/ros/humble/include/rclcpp/rclcpp/executors/single_threaded_executor.hpp:28[m[K,
[1.065s]                  from [01m[K/opt/ros/humble/include/rclcpp/rclcpp/executors.hpp:22[m[K,
[1.065s]                  from [01m[K/opt/ros/humble/include/rclcpp/rclcpp/rclcpp.hpp:155[m[K,
[1.065s]                  from [01m[K/home/js/ros2_ws_c/src/my_cpp_package/src/fast_timer_node.cpp:1[m[K:
[1.065s] [01m[K/opt/ros/humble/include/rclcpp/rclcpp/node.hpp:238:3:[m[K [01;36m[Knote: [m[Kcandidate: â€˜[01m[Ktemplate<class DurationRepT, class DurationT, class CallbackT> typename rclcpp::WallTimer<CallbackT>::SharedPtr rclcpp::Node::[01;32m[Kcreate_wall_timer[m[K(std::chrono::duration<_Rep1, _Period1>, CallbackT, rclcpp::CallbackGroup::SharedPtr)[m[Kâ€™
[1.065s]   238 |   [01;36m[Kcreate_wall_timer[m[K(
[1.065s]       |   [01;36m[K^~~~~~~~~~~~~~~~~[m[K
[1.065s] [01m[K/opt/ros/humble/include/rclcpp/rclcpp/node.hpp:238:3:[m[K [01;36m[Knote: [m[K  template argument deduction/substitution failed:
[1.066s] [01m[K/home/js/ros2_ws_c/src/my_cpp_package/src/fast_timer_node.cpp:13:37:[m[K [01;36m[Knote: [m[K  mismatched types â€˜[01m[Kstd::chrono::duration<_Rep1, _Period1>[m[Kâ€™ and â€˜[01m[Kfloat[m[Kâ€™
[1.066s]    13 |     timer_ = [01;36m[Kthis->create_wall_timer(timer_period, std::bind(&FastTimerNode::on_timer, this))[m[K;
[1.066s]       |              [01;36m[K~~~~~~~~~~~~~~~~~~~~~~~^~~~~~~~~~~~~~~~~~~~~~~~~~~~~~~~~~~~~~~~~~~~~~~~~~~~~~~~~[m[K
[1.066s] [01m[K/home/js/ros2_ws_c/src/my_cpp_package/src/fast_timer_node.cpp:14:3:[m[K [01;35m[Kwarning: [m[Kno return statement in function returning non-void [[01;35m[K]8;;https://gcc.gnu.org/onlinedocs/gcc/Warning-Options.html#index-Wreturn-type-Wreturn-type]8;;[m[K]
[1.066s]    14 |   [01;35m[K}[m[K
[1.066s]       |   [01;35m[K^[m[K
[1.358s] In file included from [01m[K/usr/include/c++/13/bits/stl_tempbuf.h:61[m[K,
[1.358s]                  from [01m[K/usr/include/c++/13/memory:66[m[K,
[1.358s]                  from [01m[K/opt/ros/humble/include/rclcpp/rclcpp/rclcpp.hpp:153[m[K:
[1.358s] /usr/include/c++/13/bits/stl_construct.h: In instantiation of â€˜[01m[Kvoid std::[01;32m[K_Construct[m[K(_Tp*, _Args&& ...) [35m[K[with _Tp = FastTimerNode; _Args = {}][m[K[m[Kâ€™:
[1.358s] [01m[K/usr/include/c++/13/bits/alloc_traits.h:660:19:[m[K   required from â€˜[01m[Kstatic void std::allocator_traits<std::allocator<void> >::[01;32m[Kconstruct[m[K(allocator_type&, _Up*, _Args&& ...) [35m[K[with _Up = FastTimerNode; _Args = {}; allocator_type = std::allocator<void>][m[K[m[Kâ€™
[1.358s] [01m[K/usr/include/c++/13/bits/shared_ptr_base.h:604:39:[m[K   required from â€˜[01m[Kstd::_Sp_counted_ptr_inplace<_Tp, _Alloc, _Lp>::[01;32m[K_Sp_counted_ptr_inplace[m[K(_Alloc, _Args&& ...) [35m[K[with _Args = {}; _Tp = FastTimerNode; _Alloc = std::allocator<void>; __gnu_cxx::_Lock_policy _Lp = __gnu_cxx::_S_atomic][m[K[m[Kâ€™
[1.358s] [01m[K/usr/include/c++/13/bits/shared_ptr_base.h:971:16:[m[K   required from â€˜[01m[Kstd::__shared_count<_Lp>::[01;32m[K__shared_count[m[K(_Tp*&, std::_Sp_alloc_shared_tag<_Alloc>, _Args&& ...) [35m[K[with _Tp = FastTimerNode; _Alloc = std::allocator<void>; _Args = {}; __gnu_cxx::_Lock_policy _Lp = __gnu_cxx::_S_atomic][m[K[m[Kâ€™
[1.358s] [01m[K/usr/include/c++/13/bits/shared_ptr_base.h:1712:14:[m[K   required from â€˜[01m[Kstd::__shared_ptr<_Tp, _Lp>::[01;32m[K__shared_ptr[m[K(std::_Sp_alloc_shared_tag<_Tp>, _Args&& ...) [35m[K[with _Alloc = std::allocator<void>; _Args = {}; _Tp = FastTimerNode; __gnu_cxx::_Lock_policy _Lp = __gnu_cxx::_S_atomic][m[K[m[Kâ€™
[1.358s] [01m[K/usr/include/c++/13/bits/shared_ptr.h:464:59:[m[K   required from â€˜[01m[Kstd::shared_ptr<_Tp>::[01;32m[Kshared_ptr[m[K(std::_Sp_alloc_shared_tag<_Tp>, _Args&& ...) [35m[K[with _Alloc = std::allocator<void>; _Args = {}; _Tp = FastTimerNode][m[K[m[Kâ€™
[1.358s] [01m[K/usr/include/c++/13/bits/shared_ptr.h:1009:14:[m[K   required from â€˜[01m[Kstd::shared_ptr<typename std::enable_if<(! std::is_array< <template-parameter-1-1> >::value), _Tp>::type> std::[01;32m[Kmake_shared[m[K(_Args&& ...) [35m[K[with _Tp = FastTimerNode; _Args = {}; typename enable_if<(! is_array< <template-parameter-1-1> >::value), _Tp>::type = FastTimerNode][m[K[m[Kâ€™
[1.358s] [01m[K/home/js/ros2_ws_c/src/my_cpp_package/src/fast_timer_node.cpp:30:47:[m[K   required from here
[1.358s] [01m[K/usr/include/c++/13/bits/stl_construct.h:119:7:[m[K [01;31m[Kerror: [m[Kuse of deleted function â€˜[01m[KFastTimerNode::[01;32m[KFastTimerNode[m[K()[m[Kâ€™
[1.358s]   119 |       [01;31m[K::new((void*)__p) _Tp(std::forward<_Args>(__args)...)[m[K;
[1.358s]       |       [01;31m[K^~~~~~~~~~~~~~~~~~~~~~~~~~~~~~~~~~~~~~~~~~~~~~~~~~~~~[m[K
[1.358s] [01m[K/home/js/ros2_ws_c/src/my_cpp_package/src/fast_timer_node.cpp:6:7:[m[K [01;36m[Knote: [m[Kâ€˜[01m[KFastTimerNode::[01;32m[KFastTimerNode[m[K()[m[Kâ€™ is implicitly deleted because the default definition would be ill-formed:
[1.358s]     6 | class [01;36m[KFastTimerNode[m[K: public rclcpp::Node
[1.358s]       |       [01;36m[K^~~~~~~~~~~~~[m[K
[1.358s] [01m[K/home/js/ros2_ws_c/src/my_cpp_package/src/fast_timer_node.cpp:6:7:[m[K [01;31m[Kerror: [m[Kno matching function for call to â€˜[01m[Krclcpp::Node::Node()[m[Kâ€™
[1.358s] [01m[K/opt/ros/humble/include/rclcpp/rclcpp/node.hpp:1294:3:[m[K [01;36m[Knote: [m[Kcandidate: â€˜[01m[Krclcpp::Node::[01;32m[KNode[m[K(const rclcpp::Node&, const std::string&)[m[Kâ€™
[1.358s]  1294 |   [01;36m[KNode[m[K(
[1.358s]       |   [01;36m[K^~~~[m[K
[1.358s] [01m[K/opt/ros/humble/include/rclcpp/rclcpp/node.hpp:1294:3:[m[K [01;36m[Knote: [m[K  candidate expects 2 arguments, 0 provided
[1.358s] [01m[K/opt/ros/humble/include/rclcpp/rclcpp/node.hpp:101:12:[m[K [01;36m[Knote: [m[Kcandidate: â€˜[01m[Krclcpp::Node::[01;32m[KNode[m[K(const std::string&, const std::string&, const rclcpp::NodeOptions&)[m[Kâ€™
[1.358s]   101 |   explicit [01;36m[KNode[m[K(
[1.358s]       |            [01;36m[K^~~~[m[K
[1.358s] [01m[K/opt/ros/humble/include/rclcpp/rclcpp/node.hpp:101:12:[m[K [01;36m[Knote: [m[K  candidate expects 3 arguments, 0 provided
[1.358s] [01m[K/opt/ros/humble/include/rclcpp/rclcpp/node.hpp:89:12:[m[K [01;36m[Knote: [m[Kcandidate: â€˜[01m[Krclcpp::Node::[01;32m[KNode[m[K(const std::string&, const rclcpp::NodeOptions&)[m[Kâ€™
[1.358s]    89 |   explicit [01;36m[KNode[m[K(
[1.358s]       |            [01;36m[K^~~~[m[K
[1.358s] [01m[K/opt/ros/humble/include/rclcpp/rclcpp/node.hpp:89:12:[m[K [01;36m[Knote: [m[K  candidate expects 2 arguments, 0 provided
[1.391s] gmake[2]: *** [CMakeFiles/fast_timer_node.dir/build.make:76: CMakeFiles/fast_timer_node.dir/src/fast_timer_node.cpp.o] Error 1
[1.392s] gmake[1]: *** [CMakeFiles/Makefile2:165: CMakeFiles/fast_timer_node.dir/all] Error 2
[1.393s] gmake: *** [Makefile:146: all] Error 2
[1.396s] Invoked command in '/home/js/ros2_ws_c/build/my_cpp_package' returned '2': CMAKE_PREFIX_PATH=${CMAKE_PREFIX_PATH}:/home/js/ros2_ws/install/my_package:/opt/ros/humble /usr/local/bin/cmake --build /home/js/ros2_ws_c/build/my_cpp_package -- -j16 -l16
