[0.019s] Invoking command in '/home/js/ros2_ws_c/build/my_cpp_package': CMAKE_PREFIX_PATH=${CMAKE_PREFIX_PATH}:/home/js/ros2_ws/install/my_package:/opt/ros/humble /usr/local/bin/cmake --build /home/js/ros2_ws_c/build/my_cpp_package -- -j16 -l16
[0.044s] -- Found ament_cmake: 1.3.12 (/opt/ros/humble/share/ament_cmake/cmake)
[0.123s] -- Found rclcpp: 16.0.14 (/opt/ros/humble/share/rclcpp/cmake)
[0.141s] -- Found rosidl_generator_c: 3.1.7 (/opt/ros/humble/share/rosidl_generator_c/cmake)
[0.143s] -- Found rosidl_adapter: 3.1.7 (/opt/ros/humble/share/rosidl_adapter/cmake)
[0.146s] -- Found rosidl_generator_cpp: 3.1.7 (/opt/ros/humble/share/rosidl_generator_cpp/cmake)
[0.152s] -- Using all available rosidl_typesupport_c: rosidl_typesupport_fastrtps_c;rosidl_typesupport_introspection_c
[0.159s] -- Using all available rosidl_typesupport_cpp: rosidl_typesupport_fastrtps_cpp;rosidl_typesupport_introspection_cpp
[0.177s] -- Found rmw_implementation_cmake: 6.1.2 (/opt/ros/humble/share/rmw_implementation_cmake/cmake)
[0.178s] -- Found rmw_fastrtps_cpp: 6.2.8 (/opt/ros/humble/share/rmw_fastrtps_cpp/cmake)
[0.284s] -- Using RMW implementation 'rmw_fastrtps_cpp' as default
[0.317s] -- Found ament_lint_auto: 0.12.14 (/opt/ros/humble/share/ament_lint_auto/cmake)
[0.363s] -- Added test 'cppcheck' to perform static code analysis on C / C++ code
[0.364s] -- Configured cppcheck include dirs: 
[0.364s] -- Configured cppcheck exclude dirs and/or files: 
[0.364s] -- Added test 'flake8' to check Python code syntax and style conventions
[0.364s] -- Added test 'lint_cmake' to check CMake code style
[0.364s] -- Added test 'pep257' to check Python code against some of the docstring style conventions in PEP 257
[0.364s] -- Added test 'uncrustify' to check C / C++ code style
[0.364s] -- Configured uncrustify additional arguments: 
[0.364s] -- Added test 'xmllint' to check XML markup files
[0.365s] -- Configuring done
[0.370s] -- Generating done
[0.373s] -- Build files have been written to: /home/js/ros2_ws_c/build/my_cpp_package
[0.432s] [35m[1mConsolidate compiler generated dependencies of target timer_node[0m
[0.453s] [ 25%] [32mBuilding CXX object CMakeFiles/fast_timer_node.dir/src/fast_timer_node.cpp.o[0m
[0.465s] [ 50%] [32mBuilding CXX object CMakeFiles/timer_node.dir/src/timer_node.cpp.o[0m
[1.396s] [01m[K/home/js/ros2_ws_c/src/my_cpp_package/src/fast_timer_node.cpp:9:3:[m[K [01;31m[Kerror: [m[KISO C++ forbids declaration of â€˜[01m[KTimerNode[m[Kâ€™ with no type [[01;31m[K]8;;https://gcc.gnu.org/onlinedocs/gcc/Warning-Options.html#index-fpermissive-fpermissive]8;;[m[K]
[1.396s]     9 |   [01;31m[KTimerNode[m[K() : rclcpp::Node("timer_node"), count_(0)
[1.396s]       |   [01;31m[K^~~~~~~~~[m[K
[1.397s] [01m[K/home/js/ros2_ws_c/src/my_cpp_package/src/fast_timer_node.cpp:[m[K In member function â€˜[01m[Kint FastTimerNode::[01;32m[KTimerNode[m[K()[m[Kâ€™:
[1.397s] [01m[K/home/js/ros2_ws_c/src/my_cpp_package/src/fast_timer_node.cpp:9:17:[m[K [01;31m[Kerror: [m[Konly constructors take member initializers
[1.397s]     9 |   TimerNode() : [01;31m[Krclcpp[m[K::Node("timer_node"), count_(0)
[1.397s]       |                 [01;31m[K^~~~~~[m[K
[1.397s] [01m[K/home/js/ros2_ws_c/src/my_cpp_package/src/fast_timer_node.cpp:13:63:[m[K [01;31m[Kerror: [m[Kâ€˜[01m[KTimerNode[m[Kâ€™ is not a class, namespace, or enumeration
[1.397s]    13 |     timer_ = this->create_wall_timer(timer_period, std::bind(&[01;31m[KTimerNode[m[K::on_timer, this));
[1.397s]       |                                                               [01;31m[K^~~~~~~~~[m[K
[1.397s] [01m[K/home/js/ros2_ws_c/src/my_cpp_package/src/fast_timer_node.cpp:14:3:[m[K [01;35m[Kwarning: [m[Kno return statement in function returning non-void [[01;35m[K]8;;https://gcc.gnu.org/onlinedocs/gcc/Warning-Options.html#index-Wreturn-type-Wreturn-type]8;;[m[K]
[1.397s]    14 |   [01;35m[K}[m[K
[1.397s]       |   [01;35m[K^[m[K
[1.714s] In file included from [01m[K/usr/include/c++/13/bits/stl_tempbuf.h:61[m[K,
[1.714s]                  from [01m[K/usr/include/c++/13/memory:66[m[K,
[1.714s]                  from [01m[K/opt/ros/humble/include/rclcpp/rclcpp/rclcpp.hpp:153[m[K,
[1.714s]                  from [01m[K/home/js/ros2_ws_c/src/my_cpp_package/src/fast_timer_node.cpp:1[m[K:
[1.714s] /usr/include/c++/13/bits/stl_construct.h: In instantiation of â€˜[01m[Kvoid std::[01;32m[K_Construct[m[K(_Tp*, _Args&& ...) [35m[K[with _Tp = FastTimerNode; _Args = {}][m[K[m[Kâ€™:
[1.714s] [01m[K/usr/include/c++/13/bits/alloc_traits.h:660:19:[m[K   required from â€˜[01m[Kstatic void std::allocator_traits<std::allocator<void> >::[01;32m[Kconstruct[m[K(allocator_type&, _Up*, _Args&& ...) [35m[K[with _Up = FastTimerNode; _Args = {}; allocator_type = std::allocator<void>][m[K[m[Kâ€™
[1.714s] [01m[K/usr/include/c++/13/bits/shared_ptr_base.h:604:39:[m[K   required from â€˜[01m[Kstd::_Sp_counted_ptr_inplace<_Tp, _Alloc, _Lp>::[01;32m[K_Sp_counted_ptr_inplace[m[K(_Alloc, _Args&& ...) [35m[K[with _Args = {}; _Tp = FastTimerNode; _Alloc = std::allocator<void>; __gnu_cxx::_Lock_policy _Lp = __gnu_cxx::_S_atomic][m[K[m[Kâ€™
[1.714s] [01m[K/usr/include/c++/13/bits/shared_ptr_base.h:971:16:[m[K   required from â€˜[01m[Kstd::__shared_count<_Lp>::[01;32m[K__shared_count[m[K(_Tp*&, std::_Sp_alloc_shared_tag<_Alloc>, _Args&& ...) [35m[K[with _Tp = FastTimerNode; _Alloc = std::allocator<void>; _Args = {}; __gnu_cxx::_Lock_policy _Lp = __gnu_cxx::_S_atomic][m[K[m[Kâ€™
[1.714s] [01m[K/usr/include/c++/13/bits/shared_ptr_base.h:1712:14:[m[K   required from â€˜[01m[Kstd::__shared_ptr<_Tp, _Lp>::[01;32m[K__shared_ptr[m[K(std::_Sp_alloc_shared_tag<_Tp>, _Args&& ...) [35m[K[with _Alloc = std::allocator<void>; _Args = {}; _Tp = FastTimerNode; __gnu_cxx::_Lock_policy _Lp = __gnu_cxx::_S_atomic][m[K[m[Kâ€™
[1.714s] [01m[K/usr/include/c++/13/bits/shared_ptr.h:464:59:[m[K   required from â€˜[01m[Kstd::shared_ptr<_Tp>::[01;32m[Kshared_ptr[m[K(std::_Sp_alloc_shared_tag<_Tp>, _Args&& ...) [35m[K[with _Alloc = std::allocator<void>; _Args = {}; _Tp = FastTimerNode][m[K[m[Kâ€™
[1.714s] [01m[K/usr/include/c++/13/bits/shared_ptr.h:1009:14:[m[K   required from â€˜[01m[Kstd::shared_ptr<typename std::enable_if<(! std::is_array< <template-parameter-1-1> >::value), _Tp>::type> std::[01;32m[Kmake_shared[m[K(_Args&& ...) [35m[K[with _Tp = FastTimerNode; _Args = {}; typename enable_if<(! is_array< <template-parameter-1-1> >::value), _Tp>::type = FastTimerNode][m[K[m[Kâ€™
[1.714s] [01m[K/home/js/ros2_ws_c/src/my_cpp_package/src/fast_timer_node.cpp:30:47:[m[K   required from here
[1.714s] [01m[K/usr/include/c++/13/bits/stl_construct.h:119:7:[m[K [01;31m[Kerror: [m[Kuse of deleted function â€˜[01m[KFastTimerNode::[01;32m[KFastTimerNode[m[K()[m[Kâ€™
[1.714s]   119 |       [01;31m[K::new((void*)__p) _Tp(std::forward<_Args>(__args)...)[m[K;
[1.714s]       |       [01;31m[K^~~~~~~~~~~~~~~~~~~~~~~~~~~~~~~~~~~~~~~~~~~~~~~~~~~~~[m[K
[1.714s] [01m[K/home/js/ros2_ws_c/src/my_cpp_package/src/fast_timer_node.cpp:6:7:[m[K [01;36m[Knote: [m[Kâ€˜[01m[KFastTimerNode::[01;32m[KFastTimerNode[m[K()[m[Kâ€™ is implicitly deleted because the default definition would be ill-formed:
[1.714s]     6 | class [01;36m[KFastTimerNode[m[K: public rclcpp::Node
[1.714s]       |       [01;36m[K^~~~~~~~~~~~~[m[K
[1.715s] [01m[K/home/js/ros2_ws_c/src/my_cpp_package/src/fast_timer_node.cpp:6:7:[m[K [01;31m[Kerror: [m[Kno matching function for call to â€˜[01m[Krclcpp::Node::Node()[m[Kâ€™
[1.715s] In file included from [01m[K/opt/ros/humble/include/rclcpp/rclcpp/executors/single_threaded_executor.hpp:28[m[K,
[1.715s]                  from [01m[K/opt/ros/humble/include/rclcpp/rclcpp/executors.hpp:22[m[K,
[1.715s]                  from [01m[K/opt/ros/humble/include/rclcpp/rclcpp/rclcpp.hpp:155[m[K:
[1.715s] [01m[K/opt/ros/humble/include/rclcpp/rclcpp/node.hpp:1294:3:[m[K [01;36m[Knote: [m[Kcandidate: â€˜[01m[Krclcpp::Node::[01;32m[KNode[m[K(const rclcpp::Node&, const std::string&)[m[Kâ€™
[1.715s]  1294 |   [01;36m[KNode[m[K(
[1.715s]       |   [01;36m[K^~~~[m[K
[1.715s] [01m[K/opt/ros/humble/include/rclcpp/rclcpp/node.hpp:1294:3:[m[K [01;36m[Knote: [m[K  candidate expects 2 arguments, 0 provided
[1.715s] [01m[K/opt/ros/humble/include/rclcpp/rclcpp/node.hpp:101:12:[m[K [01;36m[Knote: [m[Kcandidate: â€˜[01m[Krclcpp::Node::[01;32m[KNode[m[K(const std::string&, const std::string&, const rclcpp::NodeOptions&)[m[Kâ€™
[1.715s]   101 |   explicit [01;36m[KNode[m[K(
[1.715s]       |            [01;36m[K^~~~[m[K
[1.715s] [01m[K/opt/ros/humble/include/rclcpp/rclcpp/node.hpp:101:12:[m[K [01;36m[Knote: [m[K  candidate expects 3 arguments, 0 provided
[1.715s] [01m[K/opt/ros/humble/include/rclcpp/rclcpp/node.hpp:89:12:[m[K [01;36m[Knote: [m[Kcandidate: â€˜[01m[Krclcpp::Node::[01;32m[KNode[m[K(const std::string&, const rclcpp::NodeOptions&)[m[Kâ€™
[1.715s]    89 |   explicit [01;36m[KNode[m[K(
[1.715s]       |            [01;36m[K^~~~[m[K
[1.715s] [01m[K/opt/ros/humble/include/rclcpp/rclcpp/node.hpp:89:12:[m[K [01;36m[Knote: [m[K  candidate expects 2 arguments, 0 provided
[1.755s] gmake[2]: *** [CMakeFiles/fast_timer_node.dir/build.make:76: CMakeFiles/fast_timer_node.dir/src/fast_timer_node.cpp.o] Error 1
[1.756s] gmake[1]: *** [CMakeFiles/Makefile2:165: CMakeFiles/fast_timer_node.dir/all] Error 2
[1.756s] gmake[1]: *** Waiting for unfinished jobs....
[1.927s] [ 75%] [32m[1mLinking CXX executable timer_node[0m
[2.064s] [ 75%] Built target timer_node
[2.068s] gmake: *** [Makefile:146: all] Error 2
[2.072s] Invoked command in '/home/js/ros2_ws_c/build/my_cpp_package' returned '2': CMAKE_PREFIX_PATH=${CMAKE_PREFIX_PATH}:/home/js/ros2_ws/install/my_package:/opt/ros/humble /usr/local/bin/cmake --build /home/js/ros2_ws_c/build/my_cpp_package -- -j16 -l16
